2018-10-26 00:12:09 - [ qtp600515448-17:0 ] - [ INFO ] - [ nuc.bsd.psy.exam.controller.PartOneExamController.logon(PartOneExamController.java:41) ] 
log4j info1==12039186登录
2018-10-26 00:12:09 - [ qtp600515448-17:7 ] - [ DEBUG ] - [ nuc.bsd.psy.exam.controller.PartOneExamController.logon(PartOneExamController.java:42) ] 
log4j debug2
2018-10-26 00:13:02 - [ qtp600515448-17:53020 ] - [ INFO ] - [ nuc.bsd.psy.exam.controller.PartOneExamController.reqPartOne(PartOneExamController.java:82) ] 
log4j info1==12039186提取《问题行为》题目-partone部分
2018-10-26 00:13:02 - [ qtp600515448-17:53021 ] - [ DEBUG ] - [ nuc.bsd.psy.exam.controller.PartOneExamController.reqPartOne(PartOneExamController.java:83) ] 
log4j debug2
2018-10-26 00:13:20 - [ qtp600515448-18:70378 ] - [ INFO ] - [ nuc.bsd.psy.exam.controller.PartOneExamController.reqPartOne(PartOneExamController.java:82) ] 
log4j info1==12039186提取《问题行为》题目-partone部分
2018-10-26 00:13:20 - [ qtp600515448-18:70378 ] - [ DEBUG ] - [ nuc.bsd.psy.exam.controller.PartOneExamController.reqPartOne(PartOneExamController.java:83) ] 
log4j debug2
2018-10-26 00:13:21 - [ qtp600515448-17:71544 ] - [ INFO ] - [ nuc.bsd.psy.exam.controller.PartOneExamController.reqPartOne(PartOneExamController.java:82) ] 
log4j info1==12039186提取《问题行为》题目-partone部分
2018-10-26 00:13:21 - [ qtp600515448-17:71545 ] - [ DEBUG ] - [ nuc.bsd.psy.exam.controller.PartOneExamController.reqPartOne(PartOneExamController.java:83) ] 
log4j debug2
2018-10-26 00:13:22 - [ qtp600515448-14:72657 ] - [ INFO ] - [ nuc.bsd.psy.exam.controller.PartOneExamController.reqPartOne(PartOneExamController.java:82) ] 
log4j info1==12039186提取《问题行为》题目-partone部分
2018-10-26 00:13:22 - [ qtp600515448-14:72657 ] - [ DEBUG ] - [ nuc.bsd.psy.exam.controller.PartOneExamController.reqPartOne(PartOneExamController.java:83) ] 
log4j debug2
2018-10-26 00:14:07 - [ qtp600515448-19:117609 ] - [ INFO ] - [ nuc.bsd.psy.exam.controller.PartOneExamController.submitPaper(PartOneExamController.java:113) ] 
log4j info1==12039186提交试卷《问题行为》题目-partone部分
2018-10-26 00:14:07 - [ qtp600515448-19:117609 ] - [ DEBUG ] - [ nuc.bsd.psy.exam.controller.PartOneExamController.submitPaper(PartOneExamController.java:114) ] 
log4j debug2
2018-10-26 00:14:08 - [ qtp600515448-14:118852 ] - [ INFO ] - [ nuc.bsd.psy.exam.controller.PartTwoExamController.reqPartTwo(PartTwoExamController.java:31) ] 
log4j info1==12039186提取《问题行为》题目-parttwo部分
2018-10-26 00:14:08 - [ qtp600515448-14:118853 ] - [ DEBUG ] - [ nuc.bsd.psy.exam.controller.PartTwoExamController.reqPartTwo(PartTwoExamController.java:32) ] 
log4j debug2
2018-10-26 00:16:58 - [ qtp600515448-14:288159 ] - [ INFO ] - [ nuc.bsd.psy.exam.controller.PartTwoExamController.submitPaper(PartTwoExamController.java:62) ] 
log4j info1==12039186提交试卷《问题行为》题目-parttwo部分
2018-10-26 00:16:58 - [ qtp600515448-14:288159 ] - [ DEBUG ] - [ nuc.bsd.psy.exam.controller.PartTwoExamController.submitPaper(PartTwoExamController.java:63) ] 
log4j debug2
2018-10-26 00:44:51 - [ qtp600515448-17:1961922 ] - [ INFO ] - [ nuc.bsd.psy.exam.controller.PartOneExamController.logon(PartOneExamController.java:41) ] 
log4j info1==12039186登录
2018-10-26 00:44:51 - [ qtp600515448-17:1961922 ] - [ DEBUG ] - [ nuc.bsd.psy.exam.controller.PartOneExamController.logon(PartOneExamController.java:42) ] 
log4j debug2
2018-10-26 00:44:51 - [ qtp600515448-15:1961941 ] - [ ERROR ] - [ com.jfinal.core.ActionHandler.handle(ActionHandler.java:128) ] 
/partone/getSchool
java.lang.NullPointerException
	at nuc.bsd.psy.exam.service.PartOneQuestionService.getSchool(PartOneQuestionService.java:22)
	at nuc.bsd.psy.exam.controller.PartOneExamController.getSchool(PartOneExamController.java:60)
	at sun.reflect.NativeMethodAccessorImpl.invoke0(Native Method)
	at sun.reflect.NativeMethodAccessorImpl.invoke(NativeMethodAccessorImpl.java:57)
	at sun.reflect.DelegatingMethodAccessorImpl.invoke(DelegatingMethodAccessorImpl.java:43)
	at java.lang.reflect.Method.invoke(Method.java:606)
	at com.jfinal.aop.Invocation.invoke(Invocation.java:73)
	at com.jfinal.ext.interceptor.SessionInViewInterceptor.intercept(SessionInViewInterceptor.java:44)
	at com.jfinal.aop.Invocation.invoke(Invocation.java:67)
	at com.jfinal.core.ActionHandler.handle(ActionHandler.java:74)
	at com.jfinal.plugin.druid.DruidStatViewHandler.handle(DruidStatViewHandler.java:75)
	at com.jfinal.ext.handler.ContextPathHandler.handle(ContextPathHandler.java:47)
	at com.jfinal.core.JFinalFilter.doFilter(JFinalFilter.java:72)
	at org.eclipse.jetty.servlet.ServletHandler$CachedChain.doFilter(ServletHandler.java:1307)
	at com.thetransactioncompany.cors.CORSFilter.doFilter(CORSFilter.java:156)
	at com.thetransactioncompany.cors.CORSFilter.doFilter(CORSFilter.java:233)
	at org.eclipse.jetty.servlet.ServletHandler$CachedChain.doFilter(ServletHandler.java:1307)
	at org.eclipse.jetty.servlet.ServletHandler.doHandle(ServletHandler.java:453)
	at org.eclipse.jetty.server.handler.ScopedHandler.handle(ScopedHandler.java:137)
	at org.eclipse.jetty.security.SecurityHandler.handle(SecurityHandler.java:560)
	at org.eclipse.jetty.server.session.SessionHandler.doHandle(SessionHandler.java:231)
	at org.eclipse.jetty.server.handler.ContextHandler.doHandle(ContextHandler.java:1072)
	at org.eclipse.jetty.servlet.ServletHandler.doScope(ServletHandler.java:382)
	at org.eclipse.jetty.server.session.SessionHandler.doScope(SessionHandler.java:193)
	at org.eclipse.jetty.server.handler.ContextHandler.doScope(ContextHandler.java:1006)
	at org.eclipse.jetty.server.handler.ScopedHandler.handle(ScopedHandler.java:135)
	at org.eclipse.jetty.server.handler.HandlerWrapper.handle(HandlerWrapper.java:116)
	at org.eclipse.jetty.server.Server.handle(Server.java:365)
	at org.eclipse.jetty.server.AbstractHttpConnection.handleRequest(AbstractHttpConnection.java:485)
	at org.eclipse.jetty.server.AbstractHttpConnection.headerComplete(AbstractHttpConnection.java:926)
	at org.eclipse.jetty.server.AbstractHttpConnection$RequestHandler.headerComplete(AbstractHttpConnection.java:988)
	at org.eclipse.jetty.http.HttpParser.parseNext(HttpParser.java:635)
	at org.eclipse.jetty.http.HttpParser.parseAvailable(HttpParser.java:235)
	at org.eclipse.jetty.server.AsyncHttpConnection.handle(AsyncHttpConnection.java:82)
	at org.eclipse.jetty.io.nio.SelectChannelEndPoint.handle(SelectChannelEndPoint.java:628)
	at org.eclipse.jetty.io.nio.SelectChannelEndPoint$1.run(SelectChannelEndPoint.java:52)
	at org.eclipse.jetty.util.thread.QueuedThreadPool.runJob(QueuedThreadPool.java:608)
	at org.eclipse.jetty.util.thread.QueuedThreadPool$3.run(QueuedThreadPool.java:543)
	at java.lang.Thread.run(Thread.java:744)
2018-10-26 00:46:14 - [ qtp600515448-19:2044796 ] - [ INFO ] - [ nuc.bsd.psy.exam.controller.PartOneExamController.logon(PartOneExamController.java:41) ] 
log4j info1==12039186登录
2018-10-26 00:46:14 - [ qtp600515448-19:2044798 ] - [ DEBUG ] - [ nuc.bsd.psy.exam.controller.PartOneExamController.logon(PartOneExamController.java:42) ] 
log4j debug2
2018-10-26 00:46:14 - [ qtp600515448-14:2044812 ] - [ ERROR ] - [ com.jfinal.core.ActionHandler.handle(ActionHandler.java:128) ] 
/partone/getSchool
java.lang.NullPointerException
	at nuc.bsd.psy.exam.service.PartOneQuestionService.getSchool(PartOneQuestionService.java:22)
	at nuc.bsd.psy.exam.controller.PartOneExamController.getSchool(PartOneExamController.java:60)
	at sun.reflect.NativeMethodAccessorImpl.invoke0(Native Method)
	at sun.reflect.NativeMethodAccessorImpl.invoke(NativeMethodAccessorImpl.java:57)
	at sun.reflect.DelegatingMethodAccessorImpl.invoke(DelegatingMethodAccessorImpl.java:43)
	at java.lang.reflect.Method.invoke(Method.java:606)
	at com.jfinal.aop.Invocation.invoke(Invocation.java:73)
	at com.jfinal.ext.interceptor.SessionInViewInterceptor.intercept(SessionInViewInterceptor.java:44)
	at com.jfinal.aop.Invocation.invoke(Invocation.java:67)
	at com.jfinal.core.ActionHandler.handle(ActionHandler.java:74)
	at com.jfinal.plugin.druid.DruidStatViewHandler.handle(DruidStatViewHandler.java:75)
	at com.jfinal.ext.handler.ContextPathHandler.handle(ContextPathHandler.java:47)
	at com.jfinal.core.JFinalFilter.doFilter(JFinalFilter.java:72)
	at org.eclipse.jetty.servlet.ServletHandler$CachedChain.doFilter(ServletHandler.java:1307)
	at com.thetransactioncompany.cors.CORSFilter.doFilter(CORSFilter.java:156)
	at com.thetransactioncompany.cors.CORSFilter.doFilter(CORSFilter.java:233)
	at org.eclipse.jetty.servlet.ServletHandler$CachedChain.doFilter(ServletHandler.java:1307)
	at org.eclipse.jetty.servlet.ServletHandler.doHandle(ServletHandler.java:453)
	at org.eclipse.jetty.server.handler.ScopedHandler.handle(ScopedHandler.java:137)
	at org.eclipse.jetty.security.SecurityHandler.handle(SecurityHandler.java:560)
	at org.eclipse.jetty.server.session.SessionHandler.doHandle(SessionHandler.java:231)
	at org.eclipse.jetty.server.handler.ContextHandler.doHandle(ContextHandler.java:1072)
	at org.eclipse.jetty.servlet.ServletHandler.doScope(ServletHandler.java:382)
	at org.eclipse.jetty.server.session.SessionHandler.doScope(SessionHandler.java:193)
	at org.eclipse.jetty.server.handler.ContextHandler.doScope(ContextHandler.java:1006)
	at org.eclipse.jetty.server.handler.ScopedHandler.handle(ScopedHandler.java:135)
	at org.eclipse.jetty.server.handler.HandlerWrapper.handle(HandlerWrapper.java:116)
	at org.eclipse.jetty.server.Server.handle(Server.java:365)
	at org.eclipse.jetty.server.AbstractHttpConnection.handleRequest(AbstractHttpConnection.java:485)
	at org.eclipse.jetty.server.AbstractHttpConnection.headerComplete(AbstractHttpConnection.java:926)
	at org.eclipse.jetty.server.AbstractHttpConnection$RequestHandler.headerComplete(AbstractHttpConnection.java:988)
	at org.eclipse.jetty.http.HttpParser.parseNext(HttpParser.java:635)
	at org.eclipse.jetty.http.HttpParser.parseAvailable(HttpParser.java:235)
	at org.eclipse.jetty.server.AsyncHttpConnection.handle(AsyncHttpConnection.java:82)
	at org.eclipse.jetty.io.nio.SelectChannelEndPoint.handle(SelectChannelEndPoint.java:628)
	at org.eclipse.jetty.io.nio.SelectChannelEndPoint$1.run(SelectChannelEndPoint.java:52)
	at org.eclipse.jetty.util.thread.QueuedThreadPool.runJob(QueuedThreadPool.java:608)
	at org.eclipse.jetty.util.thread.QueuedThreadPool$3.run(QueuedThreadPool.java:543)
	at java.lang.Thread.run(Thread.java:744)
2018-10-26 00:53:42 - [ qtp600515448-14:2492838 ] - [ INFO ] - [ nuc.bsd.psy.exam.controller.PartOneExamController.logon(PartOneExamController.java:41) ] 
log4j info1==12039186登录
2018-10-26 00:53:42 - [ qtp600515448-14:2492839 ] - [ DEBUG ] - [ nuc.bsd.psy.exam.controller.PartOneExamController.logon(PartOneExamController.java:42) ] 
log4j debug2
2018-10-26 00:53:45 - [ qtp600515448-18:2496039 ] - [ INFO ] - [ nuc.bsd.psy.exam.controller.PartOneExamController.reqPartOne(PartOneExamController.java:82) ] 
log4j info1==12039186提取《问题行为》题目-partone部分
2018-10-26 00:53:45 - [ qtp600515448-18:2496039 ] - [ DEBUG ] - [ nuc.bsd.psy.exam.controller.PartOneExamController.reqPartOne(PartOneExamController.java:83) ] 
log4j debug2
2018-10-26 01:14:05 - [ qtp128703311-17:0 ] - [ INFO ] - [ nuc.bsd.psy.exam.controller.PartOneExamController.logon(PartOneExamController.java:41) ] 
log4j info1==12039186登录
2018-10-26 01:14:05 - [ qtp128703311-17:7 ] - [ DEBUG ] - [ nuc.bsd.psy.exam.controller.PartOneExamController.logon(PartOneExamController.java:42) ] 
log4j debug2
2018-10-26 01:14:07 - [ qtp128703311-17:1235 ] - [ ERROR ] - [ com.jfinal.core.ActionHandler.handle(ActionHandler.java:128) ] 
/partone/logon
com.jfinal.plugin.activerecord.ActiveRecordException: java.sql.SQLException: Parameter index out of range (1 > number of parameters, which is 0).
	at com.jfinal.plugin.activerecord.DbPro.find(DbPro.java:315)
	at com.jfinal.plugin.activerecord.DbPro.findFirst(DbPro.java:336)
	at com.jfinal.plugin.activerecord.Db.findFirst(Db.java:243)
	at nuc.bsd.psy.exam.service.PartOneQuestionService.getUser(PartOneQuestionService.java:54)
	at nuc.bsd.psy.exam.controller.PartOneExamController.logon(PartOneExamController.java:44)
	at sun.reflect.NativeMethodAccessorImpl.invoke0(Native Method)
	at sun.reflect.NativeMethodAccessorImpl.invoke(NativeMethodAccessorImpl.java:57)
	at sun.reflect.DelegatingMethodAccessorImpl.invoke(DelegatingMethodAccessorImpl.java:43)
	at java.lang.reflect.Method.invoke(Method.java:606)
	at com.jfinal.aop.Invocation.invoke(Invocation.java:73)
	at com.jfinal.ext.interceptor.SessionInViewInterceptor.intercept(SessionInViewInterceptor.java:44)
	at com.jfinal.aop.Invocation.invoke(Invocation.java:67)
	at com.jfinal.core.ActionHandler.handle(ActionHandler.java:74)
	at com.jfinal.plugin.druid.DruidStatViewHandler.handle(DruidStatViewHandler.java:75)
	at com.jfinal.ext.handler.ContextPathHandler.handle(ContextPathHandler.java:47)
	at com.jfinal.core.JFinalFilter.doFilter(JFinalFilter.java:72)
	at org.eclipse.jetty.servlet.ServletHandler$CachedChain.doFilter(ServletHandler.java:1307)
	at com.thetransactioncompany.cors.CORSFilter.doFilter(CORSFilter.java:168)
	at com.thetransactioncompany.cors.CORSFilter.doFilter(CORSFilter.java:233)
	at org.eclipse.jetty.servlet.ServletHandler$CachedChain.doFilter(ServletHandler.java:1307)
	at org.eclipse.jetty.servlet.ServletHandler.doHandle(ServletHandler.java:453)
	at org.eclipse.jetty.server.handler.ScopedHandler.handle(ScopedHandler.java:137)
	at org.eclipse.jetty.security.SecurityHandler.handle(SecurityHandler.java:560)
	at org.eclipse.jetty.server.session.SessionHandler.doHandle(SessionHandler.java:231)
	at org.eclipse.jetty.server.handler.ContextHandler.doHandle(ContextHandler.java:1072)
	at org.eclipse.jetty.servlet.ServletHandler.doScope(ServletHandler.java:382)
	at org.eclipse.jetty.server.session.SessionHandler.doScope(SessionHandler.java:193)
	at org.eclipse.jetty.server.handler.ContextHandler.doScope(ContextHandler.java:1006)
	at org.eclipse.jetty.server.handler.ScopedHandler.handle(ScopedHandler.java:135)
	at org.eclipse.jetty.server.handler.HandlerWrapper.handle(HandlerWrapper.java:116)
	at org.eclipse.jetty.server.Server.handle(Server.java:365)
	at org.eclipse.jetty.server.AbstractHttpConnection.handleRequest(AbstractHttpConnection.java:485)
	at org.eclipse.jetty.server.AbstractHttpConnection.content(AbstractHttpConnection.java:937)
	at org.eclipse.jetty.server.AbstractHttpConnection$RequestHandler.content(AbstractHttpConnection.java:998)
	at org.eclipse.jetty.http.HttpParser.parseNext(HttpParser.java:856)
	at org.eclipse.jetty.http.HttpParser.parseAvailable(HttpParser.java:240)
	at org.eclipse.jetty.server.AsyncHttpConnection.handle(AsyncHttpConnection.java:82)
	at org.eclipse.jetty.io.nio.SelectChannelEndPoint.handle(SelectChannelEndPoint.java:628)
	at org.eclipse.jetty.io.nio.SelectChannelEndPoint$1.run(SelectChannelEndPoint.java:52)
	at org.eclipse.jetty.util.thread.QueuedThreadPool.runJob(QueuedThreadPool.java:608)
	at org.eclipse.jetty.util.thread.QueuedThreadPool$3.run(QueuedThreadPool.java:543)
	at java.lang.Thread.run(Thread.java:744)
Caused by: java.sql.SQLException: Parameter index out of range (1 > number of parameters, which is 0).
	at com.mysql.jdbc.SQLError.createSQLException(SQLError.java:1073)
	at com.mysql.jdbc.SQLError.createSQLException(SQLError.java:987)
	at com.mysql.jdbc.SQLError.createSQLException(SQLError.java:982)
	at com.mysql.jdbc.SQLError.createSQLException(SQLError.java:927)
	at com.mysql.jdbc.PreparedStatement.checkBounds(PreparedStatement.java:3754)
	at com.mysql.jdbc.PreparedStatement.setInternal(PreparedStatement.java:3738)
	at com.mysql.jdbc.PreparedStatement.setString(PreparedStatement.java:4578)
	at com.mysql.jdbc.PreparedStatement.setObject(PreparedStatement.java:3982)
	at com.alibaba.druid.filter.FilterChainImpl.preparedStatement_setObject(FilterChainImpl.java:2923)
	at com.alibaba.druid.filter.FilterAdapter.preparedStatement_setObject(FilterAdapter.java:1298)
	at com.alibaba.druid.filter.FilterChainImpl.preparedStatement_setObject(FilterChainImpl.java:2920)
	at com.alibaba.druid.filter.FilterAdapter.preparedStatement_setObject(FilterAdapter.java:1298)
	at com.alibaba.druid.filter.FilterChainImpl.preparedStatement_setObject(FilterChainImpl.java:2920)
	at com.alibaba.druid.proxy.jdbc.PreparedStatementProxyImpl.setObject(PreparedStatementProxyImpl.java:411)
	at com.alibaba.druid.pool.DruidPooledPreparedStatement.setObject(DruidPooledPreparedStatement.java:476)
	at com.jfinal.plugin.activerecord.dialect.Dialect.fillStatement(Dialect.java:81)
	at com.jfinal.plugin.activerecord.DbPro.find(DbPro.java:299)
	at com.jfinal.plugin.activerecord.DbPro.find(DbPro.java:313)
	... 41 more
2018-10-26 01:16:36 - [ qtp128703311-15:0 ] - [ INFO ] - [ nuc.bsd.psy.exam.controller.PartOneExamController.logon(PartOneExamController.java:41) ] 
log4j info1==12039186登录
2018-10-26 01:16:36 - [ qtp128703311-15:6 ] - [ DEBUG ] - [ nuc.bsd.psy.exam.controller.PartOneExamController.logon(PartOneExamController.java:42) ] 
log4j debug2
2018-10-26 01:16:41 - [ qtp128703311-19:4588 ] - [ INFO ] - [ nuc.bsd.psy.exam.controller.PartOneExamController.reqPartOne(PartOneExamController.java:82) ] 
log4j info1==12039186提取《问题行为》题目-partone部分
2018-10-26 01:16:41 - [ qtp128703311-19:4589 ] - [ DEBUG ] - [ nuc.bsd.psy.exam.controller.PartOneExamController.reqPartOne(PartOneExamController.java:83) ] 
log4j debug2
2018-10-26 01:17:07 - [ qtp128703311-15:30358 ] - [ INFO ] - [ nuc.bsd.psy.exam.controller.PartOneExamController.submitPaper(PartOneExamController.java:113) ] 
log4j info1==12039186提交试卷《问题行为》题目-partone部分
2018-10-26 01:17:07 - [ qtp128703311-15:30358 ] - [ DEBUG ] - [ nuc.bsd.psy.exam.controller.PartOneExamController.submitPaper(PartOneExamController.java:114) ] 
log4j debug2
2018-10-26 01:17:08 - [ qtp128703311-17:31297 ] - [ INFO ] - [ nuc.bsd.psy.exam.controller.PartTwoExamController.reqPartTwo(PartTwoExamController.java:31) ] 
log4j info1==12039186提取《问题行为》题目-parttwo部分
2018-10-26 01:17:08 - [ qtp128703311-17:31298 ] - [ DEBUG ] - [ nuc.bsd.psy.exam.controller.PartTwoExamController.reqPartTwo(PartTwoExamController.java:32) ] 
log4j debug2
