2018-12-11 08:30:10 - [ qtp1399616426-15:0 ] - [ INFO ] - [ nuc.bsd.psy.exam.controller.UserController.logon(UserController.java:35) ] 
log4j info1==123456登录
2018-12-11 08:30:10 - [ qtp1399616426-15:17 ] - [ DEBUG ] - [ nuc.bsd.psy.exam.controller.UserController.logon(UserController.java:36) ] 
log4j debug2
2018-12-11 11:51:01 - [ qtp1399616426-16:12050848 ] - [ INFO ] - [ nuc.bsd.psy.exam.controller.UserController.logon(UserController.java:35) ] 
log4j info1==123456登录
2018-12-11 11:51:01 - [ qtp1399616426-16:12050851 ] - [ DEBUG ] - [ nuc.bsd.psy.exam.controller.UserController.logon(UserController.java:36) ] 
log4j debug2
2018-12-11 11:53:29 - [ qtp1399616426-18:12199027 ] - [ INFO ] - [ nuc.bsd.psy.exam.controller.UserController.logon(UserController.java:35) ] 
log4j info1==123456登录
2018-12-11 11:53:29 - [ qtp1399616426-18:12199029 ] - [ DEBUG ] - [ nuc.bsd.psy.exam.controller.UserController.logon(UserController.java:36) ] 
log4j debug2
2018-12-11 11:54:04 - [ qtp1399616426-19:12234065 ] - [ INFO ] - [ nuc.bsd.psy.exam.controller.UserController.logon(UserController.java:35) ] 
log4j info1==123456登录
2018-12-11 11:54:04 - [ qtp1399616426-19:12234066 ] - [ DEBUG ] - [ nuc.bsd.psy.exam.controller.UserController.logon(UserController.java:36) ] 
log4j debug2
2018-12-11 11:54:11 - [ qtp1399616426-17:12241349 ] - [ INFO ] - [ nuc.bsd.psy.exam.controller.UserController.logon(UserController.java:35) ] 
log4j info1==123456登录
2018-12-11 11:54:11 - [ qtp1399616426-17:12241349 ] - [ DEBUG ] - [ nuc.bsd.psy.exam.controller.UserController.logon(UserController.java:36) ] 
log4j debug2
2018-12-11 11:54:23 - [ qtp1399616426-14:12253505 ] - [ INFO ] - [ nuc.bsd.psy.exam.controller.UserController.logon(UserController.java:35) ] 
log4j info1==123456登录
2018-12-11 11:54:23 - [ qtp1399616426-14:12253505 ] - [ DEBUG ] - [ nuc.bsd.psy.exam.controller.UserController.logon(UserController.java:36) ] 
log4j debug2
2018-12-11 11:56:11 - [ qtp1399616426-14:12361526 ] - [ INFO ] - [ nuc.bsd.psy.exam.controller.UserController.logon(UserController.java:35) ] 
log4j info1==123456登录
2018-12-11 11:56:11 - [ qtp1399616426-14:12361526 ] - [ DEBUG ] - [ nuc.bsd.psy.exam.controller.UserController.logon(UserController.java:36) ] 
log4j debug2
2018-12-11 11:56:15 - [ qtp1399616426-16:12365440 ] - [ INFO ] - [ nuc.bsd.psy.exam.controller.UserController.logon(UserController.java:35) ] 
log4j info1==123456登录
2018-12-11 11:56:15 - [ qtp1399616426-16:12365440 ] - [ DEBUG ] - [ nuc.bsd.psy.exam.controller.UserController.logon(UserController.java:36) ] 
log4j debug2
2018-12-11 13:52:36 - [ qtp1399616426-17:0 ] - [ INFO ] - [ nuc.bsd.psy.exam.controller.UserController.logon(UserController.java:35) ] 
log4j info1==123456登录
2018-12-11 13:52:36 - [ qtp1399616426-17:17 ] - [ DEBUG ] - [ nuc.bsd.psy.exam.controller.UserController.logon(UserController.java:36) ] 
log4j debug2
2018-12-11 14:54:23 - [ qtp1399616426-18:1 ] - [ ERROR ] - [ com.jfinal.core.ActionHandler.handle(ActionHandler.java:128) ] 
/userlogin/getNavPage
java.lang.NullPointerException
	at nuc.bsd.psy.exam.controller.UserController.getNavPage(UserController.java:83)
	at sun.reflect.NativeMethodAccessorImpl.invoke0(Native Method)
	at sun.reflect.NativeMethodAccessorImpl.invoke(NativeMethodAccessorImpl.java:57)
	at sun.reflect.DelegatingMethodAccessorImpl.invoke(DelegatingMethodAccessorImpl.java:43)
	at java.lang.reflect.Method.invoke(Method.java:606)
	at com.jfinal.aop.Invocation.invoke(Invocation.java:73)
	at com.jfinal.ext.interceptor.SessionInViewInterceptor.intercept(SessionInViewInterceptor.java:44)
	at com.jfinal.aop.Invocation.invoke(Invocation.java:67)
	at com.jfinal.core.ActionHandler.handle(ActionHandler.java:74)
	at com.jfinal.plugin.druid.DruidStatViewHandler.handle(DruidStatViewHandler.java:75)
	at com.jfinal.ext.handler.ContextPathHandler.handle(ContextPathHandler.java:47)
	at com.jfinal.core.JFinalFilter.doFilter(JFinalFilter.java:72)
	at org.eclipse.jetty.servlet.ServletHandler$CachedChain.doFilter(ServletHandler.java:1307)
	at com.thetransactioncompany.cors.CORSFilter.doFilter(CORSFilter.java:168)
	at com.thetransactioncompany.cors.CORSFilter.doFilter(CORSFilter.java:233)
	at org.eclipse.jetty.servlet.ServletHandler$CachedChain.doFilter(ServletHandler.java:1307)
	at org.eclipse.jetty.servlet.ServletHandler.doHandle(ServletHandler.java:453)
	at org.eclipse.jetty.server.handler.ScopedHandler.handle(ScopedHandler.java:137)
	at org.eclipse.jetty.security.SecurityHandler.handle(SecurityHandler.java:560)
	at org.eclipse.jetty.server.session.SessionHandler.doHandle(SessionHandler.java:231)
	at org.eclipse.jetty.server.handler.ContextHandler.doHandle(ContextHandler.java:1072)
	at org.eclipse.jetty.servlet.ServletHandler.doScope(ServletHandler.java:382)
	at org.eclipse.jetty.server.session.SessionHandler.doScope(SessionHandler.java:193)
	at org.eclipse.jetty.server.handler.ContextHandler.doScope(ContextHandler.java:1006)
	at org.eclipse.jetty.server.handler.ScopedHandler.handle(ScopedHandler.java:135)
	at org.eclipse.jetty.server.handler.HandlerWrapper.handle(HandlerWrapper.java:116)
	at org.eclipse.jetty.server.Server.handle(Server.java:365)
	at org.eclipse.jetty.server.AbstractHttpConnection.handleRequest(AbstractHttpConnection.java:485)
	at org.eclipse.jetty.server.AbstractHttpConnection.headerComplete(AbstractHttpConnection.java:926)
	at org.eclipse.jetty.server.AbstractHttpConnection$RequestHandler.headerComplete(AbstractHttpConnection.java:988)
	at org.eclipse.jetty.http.HttpParser.parseNext(HttpParser.java:635)
	at org.eclipse.jetty.http.HttpParser.parseAvailable(HttpParser.java:235)
	at org.eclipse.jetty.server.AsyncHttpConnection.handle(AsyncHttpConnection.java:82)
	at org.eclipse.jetty.io.nio.SelectChannelEndPoint.handle(SelectChannelEndPoint.java:628)
	at org.eclipse.jetty.io.nio.SelectChannelEndPoint$1.run(SelectChannelEndPoint.java:52)
	at org.eclipse.jetty.util.thread.QueuedThreadPool.runJob(QueuedThreadPool.java:608)
	at org.eclipse.jetty.util.thread.QueuedThreadPool$3.run(QueuedThreadPool.java:543)
	at java.lang.Thread.run(Thread.java:744)
2018-12-11 14:54:39 - [ qtp1399616426-14:16029 ] - [ INFO ] - [ nuc.bsd.psy.exam.controller.UserController.logon(UserController.java:35) ] 
log4j info1==123456登录
2018-12-11 14:54:39 - [ qtp1399616426-14:16031 ] - [ DEBUG ] - [ nuc.bsd.psy.exam.controller.UserController.logon(UserController.java:36) ] 
log4j debug2
2018-12-11 14:54:42 - [ qtp1399616426-18:19380 ] - [ INFO ] - [ nuc.bsd.psy.exam.controller.UserController.logon(UserController.java:35) ] 
log4j info1==123456登录
2018-12-11 14:54:42 - [ qtp1399616426-18:19381 ] - [ DEBUG ] - [ nuc.bsd.psy.exam.controller.UserController.logon(UserController.java:36) ] 
log4j debug2
2018-12-11 16:48:33 - [ qtp1399616426-18:6850277 ] - [ INFO ] - [ nuc.bsd.psy.exam.controller.UserController.logon(UserController.java:35) ] 
log4j info1==123456登录
2018-12-11 16:48:33 - [ qtp1399616426-18:6850279 ] - [ DEBUG ] - [ nuc.bsd.psy.exam.controller.UserController.logon(UserController.java:36) ] 
log4j debug2
2018-12-11 16:48:36 - [ qtp1399616426-18:6853117 ] - [ INFO ] - [ nuc.bsd.psy.exam.controller.UserController.logon(UserController.java:35) ] 
log4j info1==123456登录
2018-12-11 16:48:36 - [ qtp1399616426-18:6853117 ] - [ DEBUG ] - [ nuc.bsd.psy.exam.controller.UserController.logon(UserController.java:36) ] 
log4j debug2
2018-12-11 17:14:59 - [ qtp1399616426-19:8436369 ] - [ INFO ] - [ nuc.bsd.psy.exam.controller.UserController.logon(UserController.java:35) ] 
log4j info1==111登录
2018-12-11 17:14:59 - [ qtp1399616426-19:8436369 ] - [ DEBUG ] - [ nuc.bsd.psy.exam.controller.UserController.logon(UserController.java:36) ] 
log4j debug2
2018-12-11 17:23:14 - [ qtp1399616426-15:8931586 ] - [ INFO ] - [ nuc.bsd.psy.exam.controller.UserController.logon(UserController.java:35) ] 
log4j info1==123456登录
2018-12-11 17:23:14 - [ qtp1399616426-15:8931587 ] - [ DEBUG ] - [ nuc.bsd.psy.exam.controller.UserController.logon(UserController.java:36) ] 
log4j debug2
2018-12-11 17:42:41 - [ qtp1399616426-16:10098472 ] - [ INFO ] - [ nuc.bsd.psy.exam.controller.UserController.logon(UserController.java:35) ] 
log4j info1==111登录
2018-12-11 17:42:41 - [ qtp1399616426-16:10098475 ] - [ DEBUG ] - [ nuc.bsd.psy.exam.controller.UserController.logon(UserController.java:36) ] 
log4j debug2
2018-12-11 20:26:17 - [ qtp1399616426-14:19914513 ] - [ ERROR ] - [ com.jfinal.core.ActionHandler.handle(ActionHandler.java:128) ] 
/userlogin/getNavPage
java.lang.NullPointerException
	at nuc.bsd.psy.exam.controller.UserController.getNavPage(UserController.java:83)
	at sun.reflect.GeneratedMethodAccessor20.invoke(Unknown Source)
	at sun.reflect.DelegatingMethodAccessorImpl.invoke(DelegatingMethodAccessorImpl.java:43)
	at java.lang.reflect.Method.invoke(Method.java:606)
	at com.jfinal.aop.Invocation.invoke(Invocation.java:73)
	at com.jfinal.ext.interceptor.SessionInViewInterceptor.intercept(SessionInViewInterceptor.java:44)
	at com.jfinal.aop.Invocation.invoke(Invocation.java:67)
	at com.jfinal.core.ActionHandler.handle(ActionHandler.java:74)
	at com.jfinal.plugin.druid.DruidStatViewHandler.handle(DruidStatViewHandler.java:75)
	at com.jfinal.ext.handler.ContextPathHandler.handle(ContextPathHandler.java:47)
	at com.jfinal.core.JFinalFilter.doFilter(JFinalFilter.java:72)
	at org.eclipse.jetty.servlet.ServletHandler$CachedChain.doFilter(ServletHandler.java:1307)
	at com.thetransactioncompany.cors.CORSFilter.doFilter(CORSFilter.java:168)
	at com.thetransactioncompany.cors.CORSFilter.doFilter(CORSFilter.java:233)
	at org.eclipse.jetty.servlet.ServletHandler$CachedChain.doFilter(ServletHandler.java:1307)
	at org.eclipse.jetty.servlet.ServletHandler.doHandle(ServletHandler.java:453)
	at org.eclipse.jetty.server.handler.ScopedHandler.handle(ScopedHandler.java:137)
	at org.eclipse.jetty.security.SecurityHandler.handle(SecurityHandler.java:560)
	at org.eclipse.jetty.server.session.SessionHandler.doHandle(SessionHandler.java:231)
	at org.eclipse.jetty.server.handler.ContextHandler.doHandle(ContextHandler.java:1072)
	at org.eclipse.jetty.servlet.ServletHandler.doScope(ServletHandler.java:382)
	at org.eclipse.jetty.server.session.SessionHandler.doScope(SessionHandler.java:193)
	at org.eclipse.jetty.server.handler.ContextHandler.doScope(ContextHandler.java:1006)
	at org.eclipse.jetty.server.handler.ScopedHandler.handle(ScopedHandler.java:135)
	at org.eclipse.jetty.server.handler.HandlerWrapper.handle(HandlerWrapper.java:116)
	at org.eclipse.jetty.server.Server.handle(Server.java:365)
	at org.eclipse.jetty.server.AbstractHttpConnection.handleRequest(AbstractHttpConnection.java:485)
	at org.eclipse.jetty.server.AbstractHttpConnection.headerComplete(AbstractHttpConnection.java:926)
	at org.eclipse.jetty.server.AbstractHttpConnection$RequestHandler.headerComplete(AbstractHttpConnection.java:988)
	at org.eclipse.jetty.http.HttpParser.parseNext(HttpParser.java:635)
	at org.eclipse.jetty.http.HttpParser.parseAvailable(HttpParser.java:235)
	at org.eclipse.jetty.server.AsyncHttpConnection.handle(AsyncHttpConnection.java:82)
	at org.eclipse.jetty.io.nio.SelectChannelEndPoint.handle(SelectChannelEndPoint.java:628)
	at org.eclipse.jetty.io.nio.SelectChannelEndPoint$1.run(SelectChannelEndPoint.java:52)
	at org.eclipse.jetty.util.thread.QueuedThreadPool.runJob(QueuedThreadPool.java:608)
	at org.eclipse.jetty.util.thread.QueuedThreadPool$3.run(QueuedThreadPool.java:543)
	at java.lang.Thread.run(Thread.java:744)
2018-12-11 20:26:30 - [ qtp1399616426-14:19927352 ] - [ ERROR ] - [ com.jfinal.core.ActionHandler.handle(ActionHandler.java:128) ] 
/userlogin/getSaywordsInfo
java.lang.NullPointerException
	at nuc.bsd.psy.exam.service.UserService.getSayFriendsInfoService(UserService.java:92)
	at nuc.bsd.psy.exam.controller.UserController.getSaywordsInfo(UserController.java:104)
	at sun.reflect.GeneratedMethodAccessor19.invoke(Unknown Source)
	at sun.reflect.DelegatingMethodAccessorImpl.invoke(DelegatingMethodAccessorImpl.java:43)
	at java.lang.reflect.Method.invoke(Method.java:606)
	at com.jfinal.aop.Invocation.invoke(Invocation.java:73)
	at com.jfinal.ext.interceptor.SessionInViewInterceptor.intercept(SessionInViewInterceptor.java:44)
	at com.jfinal.aop.Invocation.invoke(Invocation.java:67)
	at com.jfinal.core.ActionHandler.handle(ActionHandler.java:74)
	at com.jfinal.plugin.druid.DruidStatViewHandler.handle(DruidStatViewHandler.java:75)
	at com.jfinal.ext.handler.ContextPathHandler.handle(ContextPathHandler.java:47)
	at com.jfinal.core.JFinalFilter.doFilter(JFinalFilter.java:72)
	at org.eclipse.jetty.servlet.ServletHandler$CachedChain.doFilter(ServletHandler.java:1307)
	at com.thetransactioncompany.cors.CORSFilter.doFilter(CORSFilter.java:168)
	at com.thetransactioncompany.cors.CORSFilter.doFilter(CORSFilter.java:233)
	at org.eclipse.jetty.servlet.ServletHandler$CachedChain.doFilter(ServletHandler.java:1307)
	at org.eclipse.jetty.servlet.ServletHandler.doHandle(ServletHandler.java:453)
	at org.eclipse.jetty.server.handler.ScopedHandler.handle(ScopedHandler.java:137)
	at org.eclipse.jetty.security.SecurityHandler.handle(SecurityHandler.java:560)
	at org.eclipse.jetty.server.session.SessionHandler.doHandle(SessionHandler.java:231)
	at org.eclipse.jetty.server.handler.ContextHandler.doHandle(ContextHandler.java:1072)
	at org.eclipse.jetty.servlet.ServletHandler.doScope(ServletHandler.java:382)
	at org.eclipse.jetty.server.session.SessionHandler.doScope(SessionHandler.java:193)
	at org.eclipse.jetty.server.handler.ContextHandler.doScope(ContextHandler.java:1006)
	at org.eclipse.jetty.server.handler.ScopedHandler.handle(ScopedHandler.java:135)
	at org.eclipse.jetty.server.handler.HandlerWrapper.handle(HandlerWrapper.java:116)
	at org.eclipse.jetty.server.Server.handle(Server.java:365)
	at org.eclipse.jetty.server.AbstractHttpConnection.handleRequest(AbstractHttpConnection.java:485)
	at org.eclipse.jetty.server.AbstractHttpConnection.content(AbstractHttpConnection.java:937)
	at org.eclipse.jetty.server.AbstractHttpConnection$RequestHandler.content(AbstractHttpConnection.java:998)
	at org.eclipse.jetty.http.HttpParser.parseNext(HttpParser.java:856)
	at org.eclipse.jetty.http.HttpParser.parseAvailable(HttpParser.java:240)
	at org.eclipse.jetty.server.AsyncHttpConnection.handle(AsyncHttpConnection.java:82)
	at org.eclipse.jetty.io.nio.SelectChannelEndPoint.handle(SelectChannelEndPoint.java:628)
	at org.eclipse.jetty.io.nio.SelectChannelEndPoint$1.run(SelectChannelEndPoint.java:52)
	at org.eclipse.jetty.util.thread.QueuedThreadPool.runJob(QueuedThreadPool.java:608)
	at org.eclipse.jetty.util.thread.QueuedThreadPool$3.run(QueuedThreadPool.java:543)
	at java.lang.Thread.run(Thread.java:744)
2018-12-11 20:26:37 - [ qtp1399616426-16:19934808 ] - [ ERROR ] - [ com.jfinal.core.ActionHandler.handle(ActionHandler.java:128) ] 
/userlogin/getNavPage
java.lang.NullPointerException
	at nuc.bsd.psy.exam.controller.UserController.getNavPage(UserController.java:83)
	at sun.reflect.GeneratedMethodAccessor20.invoke(Unknown Source)
	at sun.reflect.DelegatingMethodAccessorImpl.invoke(DelegatingMethodAccessorImpl.java:43)
	at java.lang.reflect.Method.invoke(Method.java:606)
	at com.jfinal.aop.Invocation.invoke(Invocation.java:73)
	at com.jfinal.ext.interceptor.SessionInViewInterceptor.intercept(SessionInViewInterceptor.java:44)
	at com.jfinal.aop.Invocation.invoke(Invocation.java:67)
	at com.jfinal.core.ActionHandler.handle(ActionHandler.java:74)
	at com.jfinal.plugin.druid.DruidStatViewHandler.handle(DruidStatViewHandler.java:75)
	at com.jfinal.ext.handler.ContextPathHandler.handle(ContextPathHandler.java:47)
	at com.jfinal.core.JFinalFilter.doFilter(JFinalFilter.java:72)
	at org.eclipse.jetty.servlet.ServletHandler$CachedChain.doFilter(ServletHandler.java:1307)
	at com.thetransactioncompany.cors.CORSFilter.doFilter(CORSFilter.java:168)
	at com.thetransactioncompany.cors.CORSFilter.doFilter(CORSFilter.java:233)
	at org.eclipse.jetty.servlet.ServletHandler$CachedChain.doFilter(ServletHandler.java:1307)
	at org.eclipse.jetty.servlet.ServletHandler.doHandle(ServletHandler.java:453)
	at org.eclipse.jetty.server.handler.ScopedHandler.handle(ScopedHandler.java:137)
	at org.eclipse.jetty.security.SecurityHandler.handle(SecurityHandler.java:560)
	at org.eclipse.jetty.server.session.SessionHandler.doHandle(SessionHandler.java:231)
	at org.eclipse.jetty.server.handler.ContextHandler.doHandle(ContextHandler.java:1072)
	at org.eclipse.jetty.servlet.ServletHandler.doScope(ServletHandler.java:382)
	at org.eclipse.jetty.server.session.SessionHandler.doScope(SessionHandler.java:193)
	at org.eclipse.jetty.server.handler.ContextHandler.doScope(ContextHandler.java:1006)
	at org.eclipse.jetty.server.handler.ScopedHandler.handle(ScopedHandler.java:135)
	at org.eclipse.jetty.server.handler.HandlerWrapper.handle(HandlerWrapper.java:116)
	at org.eclipse.jetty.server.Server.handle(Server.java:365)
	at org.eclipse.jetty.server.AbstractHttpConnection.handleRequest(AbstractHttpConnection.java:485)
	at org.eclipse.jetty.server.AbstractHttpConnection.headerComplete(AbstractHttpConnection.java:926)
	at org.eclipse.jetty.server.AbstractHttpConnection$RequestHandler.headerComplete(AbstractHttpConnection.java:988)
	at org.eclipse.jetty.http.HttpParser.parseNext(HttpParser.java:635)
	at org.eclipse.jetty.http.HttpParser.parseAvailable(HttpParser.java:235)
	at org.eclipse.jetty.server.AsyncHttpConnection.handle(AsyncHttpConnection.java:82)
	at org.eclipse.jetty.io.nio.SelectChannelEndPoint.handle(SelectChannelEndPoint.java:628)
	at org.eclipse.jetty.io.nio.SelectChannelEndPoint$1.run(SelectChannelEndPoint.java:52)
	at org.eclipse.jetty.util.thread.QueuedThreadPool.runJob(QueuedThreadPool.java:608)
	at org.eclipse.jetty.util.thread.QueuedThreadPool$3.run(QueuedThreadPool.java:543)
	at java.lang.Thread.run(Thread.java:744)
2018-12-11 20:26:42 - [ qtp1399616426-14:19938989 ] - [ ERROR ] - [ com.jfinal.core.ActionHandler.handle(ActionHandler.java:128) ] 
/userlogin/getNavPage
java.lang.NullPointerException
	at nuc.bsd.psy.exam.controller.UserController.getNavPage(UserController.java:83)
	at sun.reflect.GeneratedMethodAccessor20.invoke(Unknown Source)
	at sun.reflect.DelegatingMethodAccessorImpl.invoke(DelegatingMethodAccessorImpl.java:43)
	at java.lang.reflect.Method.invoke(Method.java:606)
	at com.jfinal.aop.Invocation.invoke(Invocation.java:73)
	at com.jfinal.ext.interceptor.SessionInViewInterceptor.intercept(SessionInViewInterceptor.java:44)
	at com.jfinal.aop.Invocation.invoke(Invocation.java:67)
	at com.jfinal.core.ActionHandler.handle(ActionHandler.java:74)
	at com.jfinal.plugin.druid.DruidStatViewHandler.handle(DruidStatViewHandler.java:75)
	at com.jfinal.ext.handler.ContextPathHandler.handle(ContextPathHandler.java:47)
	at com.jfinal.core.JFinalFilter.doFilter(JFinalFilter.java:72)
	at org.eclipse.jetty.servlet.ServletHandler$CachedChain.doFilter(ServletHandler.java:1307)
	at com.thetransactioncompany.cors.CORSFilter.doFilter(CORSFilter.java:168)
	at com.thetransactioncompany.cors.CORSFilter.doFilter(CORSFilter.java:233)
	at org.eclipse.jetty.servlet.ServletHandler$CachedChain.doFilter(ServletHandler.java:1307)
	at org.eclipse.jetty.servlet.ServletHandler.doHandle(ServletHandler.java:453)
	at org.eclipse.jetty.server.handler.ScopedHandler.handle(ScopedHandler.java:137)
	at org.eclipse.jetty.security.SecurityHandler.handle(SecurityHandler.java:560)
	at org.eclipse.jetty.server.session.SessionHandler.doHandle(SessionHandler.java:231)
	at org.eclipse.jetty.server.handler.ContextHandler.doHandle(ContextHandler.java:1072)
	at org.eclipse.jetty.servlet.ServletHandler.doScope(ServletHandler.java:382)
	at org.eclipse.jetty.server.session.SessionHandler.doScope(SessionHandler.java:193)
	at org.eclipse.jetty.server.handler.ContextHandler.doScope(ContextHandler.java:1006)
	at org.eclipse.jetty.server.handler.ScopedHandler.handle(ScopedHandler.java:135)
	at org.eclipse.jetty.server.handler.HandlerWrapper.handle(HandlerWrapper.java:116)
	at org.eclipse.jetty.server.Server.handle(Server.java:365)
	at org.eclipse.jetty.server.AbstractHttpConnection.handleRequest(AbstractHttpConnection.java:485)
	at org.eclipse.jetty.server.AbstractHttpConnection.headerComplete(AbstractHttpConnection.java:926)
	at org.eclipse.jetty.server.AbstractHttpConnection$RequestHandler.headerComplete(AbstractHttpConnection.java:988)
	at org.eclipse.jetty.http.HttpParser.parseNext(HttpParser.java:635)
	at org.eclipse.jetty.http.HttpParser.parseAvailable(HttpParser.java:235)
	at org.eclipse.jetty.server.AsyncHttpConnection.handle(AsyncHttpConnection.java:82)
	at org.eclipse.jetty.io.nio.SelectChannelEndPoint.handle(SelectChannelEndPoint.java:628)
	at org.eclipse.jetty.io.nio.SelectChannelEndPoint$1.run(SelectChannelEndPoint.java:52)
	at org.eclipse.jetty.util.thread.QueuedThreadPool.runJob(QueuedThreadPool.java:608)
	at org.eclipse.jetty.util.thread.QueuedThreadPool$3.run(QueuedThreadPool.java:543)
	at java.lang.Thread.run(Thread.java:744)
2018-12-11 20:26:51 - [ qtp1399616426-18:19948405 ] - [ INFO ] - [ nuc.bsd.psy.exam.controller.UserController.logon(UserController.java:35) ] 
log4j info1==123456登录
2018-12-11 20:26:51 - [ qtp1399616426-18:19948405 ] - [ DEBUG ] - [ nuc.bsd.psy.exam.controller.UserController.logon(UserController.java:36) ] 
log4j debug2
2018-12-11 20:27:16 - [ qtp1399616426-17:19973238 ] - [ INFO ] - [ nuc.bsd.psy.exam.controller.UserController.logon(UserController.java:35) ] 
log4j info1==111登录
2018-12-11 20:27:16 - [ qtp1399616426-17:19973238 ] - [ DEBUG ] - [ nuc.bsd.psy.exam.controller.UserController.logon(UserController.java:36) ] 
log4j debug2
2018-12-11 20:27:34 - [ qtp1399616426-15:19991503 ] - [ INFO ] - [ nuc.bsd.psy.exam.controller.UserController.logon(UserController.java:35) ] 
log4j info1==321登录
2018-12-11 20:27:34 - [ qtp1399616426-15:19991503 ] - [ DEBUG ] - [ nuc.bsd.psy.exam.controller.UserController.logon(UserController.java:36) ] 
log4j debug2
