2018-12-08 17:08:08 - [ qtp1964886191-16:0 ] - [ INFO ] - [ nuc.bsd.psy.exam.controller.UserController.logon(UserController.java:32) ] 
log4j info1==123456登录
2018-12-08 17:08:08 - [ qtp1964886191-16:8 ] - [ DEBUG ] - [ nuc.bsd.psy.exam.controller.UserController.logon(UserController.java:33) ] 
log4j debug2
2018-12-08 17:08:08 - [ qtp1964886191-16:9 ] - [ ERROR ] - [ com.jfinal.core.ActionHandler.handle(ActionHandler.java:128) ] 
/userlogin/logon
java.lang.RuntimeException: java.lang.reflect.InvocationTargetException
	at com.jfinal.aop.Invocation.invoke(Invocation.java:87)
	at com.jfinal.ext.interceptor.SessionInViewInterceptor.intercept(SessionInViewInterceptor.java:44)
	at com.jfinal.aop.Invocation.invoke(Invocation.java:67)
	at com.jfinal.core.ActionHandler.handle(ActionHandler.java:74)
	at com.jfinal.plugin.druid.DruidStatViewHandler.handle(DruidStatViewHandler.java:75)
	at com.jfinal.ext.handler.ContextPathHandler.handle(ContextPathHandler.java:47)
	at com.jfinal.core.JFinalFilter.doFilter(JFinalFilter.java:72)
	at org.eclipse.jetty.servlet.ServletHandler$CachedChain.doFilter(ServletHandler.java:1307)
	at com.thetransactioncompany.cors.CORSFilter.doFilter(CORSFilter.java:168)
	at com.thetransactioncompany.cors.CORSFilter.doFilter(CORSFilter.java:233)
	at org.eclipse.jetty.servlet.ServletHandler$CachedChain.doFilter(ServletHandler.java:1307)
	at org.eclipse.jetty.servlet.ServletHandler.doHandle(ServletHandler.java:453)
	at org.eclipse.jetty.server.handler.ScopedHandler.handle(ScopedHandler.java:137)
	at org.eclipse.jetty.security.SecurityHandler.handle(SecurityHandler.java:560)
	at org.eclipse.jetty.server.session.SessionHandler.doHandle(SessionHandler.java:231)
	at org.eclipse.jetty.server.handler.ContextHandler.doHandle(ContextHandler.java:1072)
	at org.eclipse.jetty.servlet.ServletHandler.doScope(ServletHandler.java:382)
	at org.eclipse.jetty.server.session.SessionHandler.doScope(SessionHandler.java:193)
	at org.eclipse.jetty.server.handler.ContextHandler.doScope(ContextHandler.java:1006)
	at org.eclipse.jetty.server.handler.ScopedHandler.handle(ScopedHandler.java:135)
	at org.eclipse.jetty.server.handler.HandlerWrapper.handle(HandlerWrapper.java:116)
	at org.eclipse.jetty.server.Server.handle(Server.java:365)
	at org.eclipse.jetty.server.AbstractHttpConnection.handleRequest(AbstractHttpConnection.java:485)
	at org.eclipse.jetty.server.AbstractHttpConnection.content(AbstractHttpConnection.java:937)
	at org.eclipse.jetty.server.AbstractHttpConnection$RequestHandler.content(AbstractHttpConnection.java:998)
	at org.eclipse.jetty.http.HttpParser.parseNext(HttpParser.java:856)
	at org.eclipse.jetty.http.HttpParser.parseAvailable(HttpParser.java:240)
	at org.eclipse.jetty.server.AsyncHttpConnection.handle(AsyncHttpConnection.java:82)
	at org.eclipse.jetty.io.nio.SelectChannelEndPoint.handle(SelectChannelEndPoint.java:628)
	at org.eclipse.jetty.io.nio.SelectChannelEndPoint$1.run(SelectChannelEndPoint.java:52)
	at org.eclipse.jetty.util.thread.QueuedThreadPool.runJob(QueuedThreadPool.java:608)
	at org.eclipse.jetty.util.thread.QueuedThreadPool$3.run(QueuedThreadPool.java:543)
	at java.lang.Thread.run(Thread.java:744)
Caused by: java.lang.reflect.InvocationTargetException
	at sun.reflect.NativeMethodAccessorImpl.invoke0(Native Method)
	at sun.reflect.NativeMethodAccessorImpl.invoke(NativeMethodAccessorImpl.java:57)
	at sun.reflect.DelegatingMethodAccessorImpl.invoke(DelegatingMethodAccessorImpl.java:43)
	at java.lang.reflect.Method.invoke(Method.java:606)
	at com.jfinal.aop.Invocation.invoke(Invocation.java:73)
	... 32 more
Caused by: java.lang.Error: Unresolved compilation problems: 
	Syntax error on tokens, delete these tokens
	Syntax error, insert "enum Identifier" to complete EnumHeaderName
	Syntax error, insert "EnumBody" to complete EnumDeclaration
	Syntax error, insert "}" to complete ClassBody

	at nuc.bsd.psy.exam.service.UserService.<init>(UserService.java:36)
	at nuc.bsd.psy.exam.controller.UserController.logon(UserController.java:36)
	... 37 more
2018-12-08 17:08:44 - [ qtp1964886191-15:0 ] - [ INFO ] - [ nuc.bsd.psy.exam.controller.UserController.logon(UserController.java:32) ] 
log4j info1==123456登录
2018-12-08 17:08:44 - [ qtp1964886191-15:6 ] - [ DEBUG ] - [ nuc.bsd.psy.exam.controller.UserController.logon(UserController.java:33) ] 
log4j debug2
2018-12-08 17:08:47 - [ qtp1964886191-19:2866 ] - [ INFO ] - [ nuc.bsd.psy.exam.controller.UserController.logon(UserController.java:32) ] 
log4j info1==123456登录
2018-12-08 17:08:47 - [ qtp1964886191-19:2867 ] - [ DEBUG ] - [ nuc.bsd.psy.exam.controller.UserController.logon(UserController.java:33) ] 
log4j debug2
2018-12-08 17:08:52 - [ qtp1964886191-14:7705 ] - [ INFO ] - [ nuc.bsd.psy.exam.controller.UserController.logon(UserController.java:32) ] 
log4j info1==123456登录
2018-12-08 17:08:52 - [ qtp1964886191-14:7705 ] - [ DEBUG ] - [ nuc.bsd.psy.exam.controller.UserController.logon(UserController.java:33) ] 
log4j debug2
2018-12-08 19:48:25 - [ qtp1399616426-12:0 ] - [ INFO ] - [ nuc.bsd.psy.exam.controller.UserController.logon(UserController.java:32) ] 
log4j info1==123456登录
2018-12-08 19:48:25 - [ qtp1399616426-12:6 ] - [ DEBUG ] - [ nuc.bsd.psy.exam.controller.UserController.logon(UserController.java:33) ] 
log4j debug2
