2018-12-06 10:56:44 - [ qtp1399616426-17:0 ] - [ WARN ] - [ com.jfinal.core.ActionHandler.handle(ActionHandler.java:62) ] 
404 Action Not Found: /userlogin
2018-12-06 21:03:13 - [ qtp1964467972-19:0 ] - [ WARN ] - [ com.jfinal.core.ActionHandler.handle(ActionHandler.java:62) ] 
404 Action Not Found: /user
2018-12-06 21:27:09 - [ qtp1741792947-14:0 ] - [ INFO ] - [ nuc.bsd.psy.exam.controller.UserController.logon(UserController.java:33) ] 
log4j info1==123456登录
2018-12-06 21:27:09 - [ qtp1741792947-14:4 ] - [ DEBUG ] - [ nuc.bsd.psy.exam.controller.UserController.logon(UserController.java:34) ] 
log4j debug2
2018-12-06 21:27:10 - [ qtp1741792947-14:804 ] - [ ERROR ] - [ com.jfinal.core.ActionHandler.handle(ActionHandler.java:128) ] 
/userlogin/logon
java.lang.ClassCastException: java.lang.Long cannot be cast to java.lang.Integer
	at com.jfinal.plugin.activerecord.Record.getInt(Record.java:218)
	at nuc.bsd.psy.exam.service.UserService.getUserLoginInfo(UserService.java:25)
	at nuc.bsd.psy.exam.controller.UserController.logon(UserController.java:36)
	at sun.reflect.NativeMethodAccessorImpl.invoke0(Native Method)
	at sun.reflect.NativeMethodAccessorImpl.invoke(NativeMethodAccessorImpl.java:57)
	at sun.reflect.DelegatingMethodAccessorImpl.invoke(DelegatingMethodAccessorImpl.java:43)
	at java.lang.reflect.Method.invoke(Method.java:606)
	at com.jfinal.aop.Invocation.invoke(Invocation.java:73)
	at com.jfinal.ext.interceptor.SessionInViewInterceptor.intercept(SessionInViewInterceptor.java:44)
	at com.jfinal.aop.Invocation.invoke(Invocation.java:67)
	at com.jfinal.core.ActionHandler.handle(ActionHandler.java:74)
	at com.jfinal.plugin.druid.DruidStatViewHandler.handle(DruidStatViewHandler.java:75)
	at com.jfinal.ext.handler.ContextPathHandler.handle(ContextPathHandler.java:47)
	at com.jfinal.core.JFinalFilter.doFilter(JFinalFilter.java:72)
	at org.eclipse.jetty.servlet.ServletHandler$CachedChain.doFilter(ServletHandler.java:1307)
	at com.thetransactioncompany.cors.CORSFilter.doFilter(CORSFilter.java:168)
	at com.thetransactioncompany.cors.CORSFilter.doFilter(CORSFilter.java:233)
	at org.eclipse.jetty.servlet.ServletHandler$CachedChain.doFilter(ServletHandler.java:1307)
	at org.eclipse.jetty.servlet.ServletHandler.doHandle(ServletHandler.java:453)
	at org.eclipse.jetty.server.handler.ScopedHandler.handle(ScopedHandler.java:137)
	at org.eclipse.jetty.security.SecurityHandler.handle(SecurityHandler.java:560)
	at org.eclipse.jetty.server.session.SessionHandler.doHandle(SessionHandler.java:231)
	at org.eclipse.jetty.server.handler.ContextHandler.doHandle(ContextHandler.java:1072)
	at org.eclipse.jetty.servlet.ServletHandler.doScope(ServletHandler.java:382)
	at org.eclipse.jetty.server.session.SessionHandler.doScope(SessionHandler.java:193)
	at org.eclipse.jetty.server.handler.ContextHandler.doScope(ContextHandler.java:1006)
	at org.eclipse.jetty.server.handler.ScopedHandler.handle(ScopedHandler.java:135)
	at org.eclipse.jetty.server.handler.HandlerWrapper.handle(HandlerWrapper.java:116)
	at org.eclipse.jetty.server.Server.handle(Server.java:365)
	at org.eclipse.jetty.server.AbstractHttpConnection.handleRequest(AbstractHttpConnection.java:485)
	at org.eclipse.jetty.server.AbstractHttpConnection.content(AbstractHttpConnection.java:937)
	at org.eclipse.jetty.server.AbstractHttpConnection$RequestHandler.content(AbstractHttpConnection.java:998)
	at org.eclipse.jetty.http.HttpParser.parseNext(HttpParser.java:856)
	at org.eclipse.jetty.http.HttpParser.parseAvailable(HttpParser.java:240)
	at org.eclipse.jetty.server.AsyncHttpConnection.handle(AsyncHttpConnection.java:82)
	at org.eclipse.jetty.io.nio.SelectChannelEndPoint.handle(SelectChannelEndPoint.java:628)
	at org.eclipse.jetty.io.nio.SelectChannelEndPoint$1.run(SelectChannelEndPoint.java:52)
	at org.eclipse.jetty.util.thread.QueuedThreadPool.runJob(QueuedThreadPool.java:608)
	at org.eclipse.jetty.util.thread.QueuedThreadPool$3.run(QueuedThreadPool.java:543)
	at java.lang.Thread.run(Thread.java:744)
2018-12-06 21:28:02 - [ qtp1741792947-17:0 ] - [ INFO ] - [ nuc.bsd.psy.exam.controller.UserController.logon(UserController.java:33) ] 
log4j info1==123456登录
2018-12-06 21:28:02 - [ qtp1741792947-17:6 ] - [ DEBUG ] - [ nuc.bsd.psy.exam.controller.UserController.logon(UserController.java:34) ] 
log4j debug2
2018-12-06 21:34:07 - [ qtp1741792947-18:365221 ] - [ INFO ] - [ nuc.bsd.psy.exam.controller.UserController.logon(UserController.java:33) ] 
log4j info1==123456登录
2018-12-06 21:34:07 - [ qtp1741792947-18:365223 ] - [ DEBUG ] - [ nuc.bsd.psy.exam.controller.UserController.logon(UserController.java:34) ] 
log4j debug2
2018-12-06 21:36:33 - [ qtp1741792947-19:511221 ] - [ INFO ] - [ nuc.bsd.psy.exam.controller.UserController.logon(UserController.java:33) ] 
log4j info1==123456登录
2018-12-06 21:36:33 - [ qtp1741792947-19:511221 ] - [ DEBUG ] - [ nuc.bsd.psy.exam.controller.UserController.logon(UserController.java:34) ] 
log4j debug2
2018-12-06 21:37:36 - [ qtp1741792947-17:0 ] - [ INFO ] - [ nuc.bsd.psy.exam.controller.UserController.logon(UserController.java:33) ] 
log4j info1==123456登录
2018-12-06 21:37:36 - [ qtp1741792947-17:5 ] - [ DEBUG ] - [ nuc.bsd.psy.exam.controller.UserController.logon(UserController.java:34) ] 
log4j debug2
2018-12-06 21:38:57 - [ qtp1399616426-16:0 ] - [ INFO ] - [ nuc.bsd.psy.exam.controller.UserController.logon(UserController.java:33) ] 
log4j info1==123456登录
2018-12-06 21:38:57 - [ qtp1399616426-16:4 ] - [ DEBUG ] - [ nuc.bsd.psy.exam.controller.UserController.logon(UserController.java:34) ] 
log4j debug2
2018-12-06 21:39:46 - [ qtp1399616426-12:0 ] - [ INFO ] - [ nuc.bsd.psy.exam.controller.UserController.logon(UserController.java:32) ] 
log4j info1==123456登录
2018-12-06 21:39:46 - [ qtp1399616426-12:6 ] - [ DEBUG ] - [ nuc.bsd.psy.exam.controller.UserController.logon(UserController.java:33) ] 
log4j debug2
2018-12-06 21:40:32 - [ qtp1399616426-18:0 ] - [ INFO ] - [ nuc.bsd.psy.exam.controller.UserController.logon(UserController.java:32) ] 
log4j info1==123456登录
2018-12-06 21:40:32 - [ qtp1399616426-18:5 ] - [ DEBUG ] - [ nuc.bsd.psy.exam.controller.UserController.logon(UserController.java:33) ] 
log4j debug2
2018-12-06 21:41:10 - [ qtp1399616426-16:37494 ] - [ INFO ] - [ nuc.bsd.psy.exam.controller.UserController.logon(UserController.java:32) ] 
log4j info1==123456登录
2018-12-06 21:41:10 - [ qtp1399616426-16:37498 ] - [ DEBUG ] - [ nuc.bsd.psy.exam.controller.UserController.logon(UserController.java:33) ] 
log4j debug2
2018-12-06 21:47:04 - [ qtp1399616426-12:0 ] - [ INFO ] - [ nuc.bsd.psy.exam.controller.UserController.logon(UserController.java:32) ] 
log4j info1==123456登录
2018-12-06 21:47:04 - [ qtp1399616426-12:4 ] - [ DEBUG ] - [ nuc.bsd.psy.exam.controller.UserController.logon(UserController.java:33) ] 
log4j debug2
2018-12-06 21:48:53 - [ qtp1399616426-18:0 ] - [ INFO ] - [ nuc.bsd.psy.exam.controller.UserController.logon(UserController.java:32) ] 
log4j info1==123456登录
2018-12-06 21:48:53 - [ qtp1399616426-18:6 ] - [ DEBUG ] - [ nuc.bsd.psy.exam.controller.UserController.logon(UserController.java:33) ] 
log4j debug2
2018-12-06 21:56:03 - [ qtp1399616426-19:0 ] - [ INFO ] - [ nuc.bsd.psy.exam.controller.UserController.logon(UserController.java:32) ] 
log4j info1==123456登录
2018-12-06 21:56:03 - [ qtp1399616426-19:5 ] - [ DEBUG ] - [ nuc.bsd.psy.exam.controller.UserController.logon(UserController.java:33) ] 
log4j debug2
2018-12-06 21:58:04 - [ qtp1399616426-16:121265 ] - [ INFO ] - [ nuc.bsd.psy.exam.controller.UserController.logon(UserController.java:32) ] 
log4j info1==123456登录
2018-12-06 21:58:04 - [ qtp1399616426-16:121267 ] - [ DEBUG ] - [ nuc.bsd.psy.exam.controller.UserController.logon(UserController.java:33) ] 
log4j debug2
2018-12-06 22:00:11 - [ qtp1399616426-14:248167 ] - [ INFO ] - [ nuc.bsd.psy.exam.controller.UserController.logon(UserController.java:32) ] 
log4j info1==123456登录
2018-12-06 22:00:11 - [ qtp1399616426-14:248168 ] - [ DEBUG ] - [ nuc.bsd.psy.exam.controller.UserController.logon(UserController.java:33) ] 
log4j debug2
2018-12-06 22:00:54 - [ qtp1399616426-13:291530 ] - [ INFO ] - [ nuc.bsd.psy.exam.controller.UserController.logon(UserController.java:32) ] 
log4j info1==123456登录
2018-12-06 22:00:54 - [ qtp1399616426-13:291530 ] - [ DEBUG ] - [ nuc.bsd.psy.exam.controller.UserController.logon(UserController.java:33) ] 
log4j debug2
2018-12-06 22:01:04 - [ qtp1399616426-19:300788 ] - [ INFO ] - [ nuc.bsd.psy.exam.controller.UserController.logon(UserController.java:32) ] 
log4j info1==123456登录
2018-12-06 22:01:04 - [ qtp1399616426-19:300788 ] - [ DEBUG ] - [ nuc.bsd.psy.exam.controller.UserController.logon(UserController.java:33) ] 
log4j debug2
2018-12-06 22:03:09 - [ qtp1399616426-14:0 ] - [ INFO ] - [ nuc.bsd.psy.exam.controller.UserController.logon(UserController.java:32) ] 
log4j info1==123456登录
2018-12-06 22:03:09 - [ qtp1399616426-14:11 ] - [ DEBUG ] - [ nuc.bsd.psy.exam.controller.UserController.logon(UserController.java:33) ] 
log4j debug2
2018-12-06 23:59:25 - [ qtp1399616426-18:6976505 ] - [ INFO ] - [ nuc.bsd.psy.exam.controller.UserController.logon(UserController.java:32) ] 
log4j info1==123456登录
2018-12-06 23:59:25 - [ qtp1399616426-18:6976507 ] - [ DEBUG ] - [ nuc.bsd.psy.exam.controller.UserController.logon(UserController.java:33) ] 
log4j debug2
2018-12-06 23:59:59 - [ qtp1399616426-15:7010226 ] - [ INFO ] - [ nuc.bsd.psy.exam.controller.UserController.logon(UserController.java:32) ] 
log4j info1==123456登录
2018-12-06 23:59:59 - [ qtp1399616426-15:7010227 ] - [ DEBUG ] - [ nuc.bsd.psy.exam.controller.UserController.logon(UserController.java:33) ] 
log4j debug2
2018-12-07 00:00:05 - [ qtp1399616426-13:7016042 ] - [ INFO ] - [ nuc.bsd.psy.exam.controller.UserController.logon(UserController.java:32) ] 
log4j info1==123456登录
2018-12-07 00:00:05 - [ qtp1399616426-13:7016044 ] - [ DEBUG ] - [ nuc.bsd.psy.exam.controller.UserController.logon(UserController.java:33) ] 
log4j debug2
2018-12-07 00:02:13 - [ qtp1399616426-18:7143817 ] - [ INFO ] - [ nuc.bsd.psy.exam.controller.UserController.logon(UserController.java:32) ] 
log4j info1==123456登录
2018-12-07 00:02:13 - [ qtp1399616426-18:7143818 ] - [ DEBUG ] - [ nuc.bsd.psy.exam.controller.UserController.logon(UserController.java:33) ] 
log4j debug2
2018-12-07 00:02:20 - [ qtp1399616426-19:7150884 ] - [ INFO ] - [ nuc.bsd.psy.exam.controller.UserController.logon(UserController.java:32) ] 
log4j info1==123456登录
2018-12-07 00:02:20 - [ qtp1399616426-19:7150884 ] - [ DEBUG ] - [ nuc.bsd.psy.exam.controller.UserController.logon(UserController.java:33) ] 
log4j debug2
2018-12-07 00:03:41 - [ qtp1399616426-18:7232174 ] - [ INFO ] - [ nuc.bsd.psy.exam.controller.UserController.logon(UserController.java:32) ] 
log4j info1==123456登录
2018-12-07 00:03:41 - [ qtp1399616426-18:7232174 ] - [ DEBUG ] - [ nuc.bsd.psy.exam.controller.UserController.logon(UserController.java:33) ] 
log4j debug2
2018-12-07 00:03:53 - [ qtp1399616426-16:7243999 ] - [ INFO ] - [ nuc.bsd.psy.exam.controller.UserController.logon(UserController.java:32) ] 
log4j info1==123456登录
2018-12-07 00:03:53 - [ qtp1399616426-16:7243999 ] - [ DEBUG ] - [ nuc.bsd.psy.exam.controller.UserController.logon(UserController.java:33) ] 
log4j debug2
2018-12-07 00:03:57 - [ qtp1399616426-16:7247723 ] - [ INFO ] - [ nuc.bsd.psy.exam.controller.UserController.logon(UserController.java:32) ] 
log4j info1==123456登录
2018-12-07 00:03:57 - [ qtp1399616426-16:7247723 ] - [ DEBUG ] - [ nuc.bsd.psy.exam.controller.UserController.logon(UserController.java:33) ] 
log4j debug2
2018-12-07 00:06:43 - [ qtp1399616426-15:7414047 ] - [ INFO ] - [ nuc.bsd.psy.exam.controller.UserController.logon(UserController.java:32) ] 
log4j info1==123456登录
2018-12-07 00:06:43 - [ qtp1399616426-15:7414047 ] - [ DEBUG ] - [ nuc.bsd.psy.exam.controller.UserController.logon(UserController.java:33) ] 
log4j debug2
2018-12-07 00:06:47 - [ qtp1399616426-19:7417951 ] - [ INFO ] - [ nuc.bsd.psy.exam.controller.UserController.logon(UserController.java:32) ] 
log4j info1==123456登录
2018-12-07 00:06:47 - [ qtp1399616426-19:7417951 ] - [ DEBUG ] - [ nuc.bsd.psy.exam.controller.UserController.logon(UserController.java:33) ] 
log4j debug2
2018-12-07 00:12:00 - [ qtp1399616426-15:0 ] - [ INFO ] - [ nuc.bsd.psy.exam.controller.UserController.logon(UserController.java:32) ] 
log4j info1==123456登录
2018-12-07 00:12:00 - [ qtp1399616426-15:4 ] - [ DEBUG ] - [ nuc.bsd.psy.exam.controller.UserController.logon(UserController.java:33) ] 
log4j debug2
2018-12-07 00:31:45 - [ qtp1399616426-16:1184564 ] - [ INFO ] - [ nuc.bsd.psy.exam.controller.UserController.logon(UserController.java:32) ] 
log4j info1==123456登录
2018-12-07 00:31:45 - [ qtp1399616426-16:1184567 ] - [ DEBUG ] - [ nuc.bsd.psy.exam.controller.UserController.logon(UserController.java:33) ] 
log4j debug2
2018-12-07 00:34:04 - [ qtp1399616426-19:1324131 ] - [ INFO ] - [ nuc.bsd.psy.exam.controller.UserController.logon(UserController.java:32) ] 
log4j info1==123456登录
2018-12-07 00:34:04 - [ qtp1399616426-19:1324131 ] - [ DEBUG ] - [ nuc.bsd.psy.exam.controller.UserController.logon(UserController.java:33) ] 
log4j debug2
2018-12-07 00:35:23 - [ qtp1399616426-19:1402901 ] - [ INFO ] - [ nuc.bsd.psy.exam.controller.UserController.logon(UserController.java:32) ] 
log4j info1==123456登录
2018-12-07 00:35:23 - [ qtp1399616426-19:1402903 ] - [ DEBUG ] - [ nuc.bsd.psy.exam.controller.UserController.logon(UserController.java:33) ] 
log4j debug2
2018-12-07 00:36:08 - [ qtp1399616426-16:1448176 ] - [ INFO ] - [ nuc.bsd.psy.exam.controller.UserController.logon(UserController.java:32) ] 
log4j info1==123456登录
2018-12-07 00:36:08 - [ qtp1399616426-16:1448177 ] - [ DEBUG ] - [ nuc.bsd.psy.exam.controller.UserController.logon(UserController.java:33) ] 
log4j debug2
2018-12-07 00:38:26 - [ qtp1399616426-13:1586380 ] - [ INFO ] - [ nuc.bsd.psy.exam.controller.UserController.logon(UserController.java:32) ] 
log4j info1==123456登录
2018-12-07 00:38:26 - [ qtp1399616426-13:1586380 ] - [ DEBUG ] - [ nuc.bsd.psy.exam.controller.UserController.logon(UserController.java:33) ] 
log4j debug2
2018-12-07 00:41:00 - [ qtp1399616426-14:1739749 ] - [ INFO ] - [ nuc.bsd.psy.exam.controller.UserController.logon(UserController.java:32) ] 
log4j info1==123456登录
2018-12-07 00:41:00 - [ qtp1399616426-14:1739749 ] - [ DEBUG ] - [ nuc.bsd.psy.exam.controller.UserController.logon(UserController.java:33) ] 
log4j debug2
2018-12-07 01:29:56 - [ qtp1399616426-16:4676129 ] - [ INFO ] - [ nuc.bsd.psy.exam.controller.UserController.logon(UserController.java:32) ] 
log4j info1==111登录
2018-12-07 01:29:56 - [ qtp1399616426-16:4676130 ] - [ DEBUG ] - [ nuc.bsd.psy.exam.controller.UserController.logon(UserController.java:33) ] 
log4j debug2
2018-12-07 01:32:49 - [ qtp1399616426-19:4848501 ] - [ INFO ] - [ nuc.bsd.psy.exam.controller.UserController.logon(UserController.java:32) ] 
log4j info1==123456登录
2018-12-07 01:32:49 - [ qtp1399616426-19:4848502 ] - [ DEBUG ] - [ nuc.bsd.psy.exam.controller.UserController.logon(UserController.java:33) ] 
log4j debug2
2018-12-07 01:34:17 - [ qtp1399616426-13:4937152 ] - [ INFO ] - [ nuc.bsd.psy.exam.controller.UserController.logon(UserController.java:32) ] 
log4j info1==111登录
2018-12-07 01:34:17 - [ qtp1399616426-13:4937152 ] - [ DEBUG ] - [ nuc.bsd.psy.exam.controller.UserController.logon(UserController.java:33) ] 
log4j debug2
2018-12-07 01:35:25 - [ qtp1399616426-13:5004648 ] - [ INFO ] - [ nuc.bsd.psy.exam.controller.UserController.logon(UserController.java:32) ] 
log4j info1==123456登录
2018-12-07 01:35:25 - [ qtp1399616426-13:5004648 ] - [ DEBUG ] - [ nuc.bsd.psy.exam.controller.UserController.logon(UserController.java:33) ] 
log4j debug2
2018-12-07 01:41:28 - [ qtp1399616426-14:5368172 ] - [ INFO ] - [ nuc.bsd.psy.exam.controller.UserController.logon(UserController.java:32) ] 
log4j info1==123456登录
2018-12-07 01:41:28 - [ qtp1399616426-14:5368172 ] - [ DEBUG ] - [ nuc.bsd.psy.exam.controller.UserController.logon(UserController.java:33) ] 
log4j debug2
2018-12-07 01:44:34 - [ qtp1399616426-19:5553977 ] - [ INFO ] - [ nuc.bsd.psy.exam.controller.UserController.logon(UserController.java:32) ] 
log4j info1==111登录
2018-12-07 01:44:34 - [ qtp1399616426-19:5553978 ] - [ DEBUG ] - [ nuc.bsd.psy.exam.controller.UserController.logon(UserController.java:33) ] 
log4j debug2
2018-12-07 08:51:06 - [ qtp1964886191-14:0 ] - [ INFO ] - [ nuc.bsd.psy.exam.controller.UserController.logon(UserController.java:32) ] 
log4j info1==123456登录
2018-12-07 08:51:06 - [ qtp1964886191-14:9 ] - [ DEBUG ] - [ nuc.bsd.psy.exam.controller.UserController.logon(UserController.java:33) ] 
log4j debug2
2018-12-07 08:55:26 - [ qtp1964886191-15:260395 ] - [ INFO ] - [ nuc.bsd.psy.exam.controller.UserController.logon(UserController.java:32) ] 
log4j info1==123456登录
2018-12-07 08:55:26 - [ qtp1964886191-15:260396 ] - [ DEBUG ] - [ nuc.bsd.psy.exam.controller.UserController.logon(UserController.java:33) ] 
log4j debug2
2018-12-07 08:55:32 - [ qtp1964886191-18:265755 ] - [ INFO ] - [ nuc.bsd.psy.exam.controller.UserController.logon(UserController.java:32) ] 
log4j info1==123456登录
2018-12-07 08:55:32 - [ qtp1964886191-18:265755 ] - [ DEBUG ] - [ nuc.bsd.psy.exam.controller.UserController.logon(UserController.java:33) ] 
log4j debug2
2018-12-07 08:55:39 - [ qtp1964886191-17:273052 ] - [ INFO ] - [ nuc.bsd.psy.exam.controller.UserController.logon(UserController.java:32) ] 
log4j info1==1234562登录
2018-12-07 08:55:39 - [ qtp1964886191-17:273052 ] - [ DEBUG ] - [ nuc.bsd.psy.exam.controller.UserController.logon(UserController.java:33) ] 
log4j debug2
2018-12-07 08:55:49 - [ qtp1964886191-19:283160 ] - [ INFO ] - [ nuc.bsd.psy.exam.controller.UserController.logon(UserController.java:32) ] 
log4j info1==123456登录
2018-12-07 08:55:49 - [ qtp1964886191-19:283160 ] - [ DEBUG ] - [ nuc.bsd.psy.exam.controller.UserController.logon(UserController.java:33) ] 
log4j debug2
2018-12-07 09:05:55 - [ qtp1964886191-16:889032 ] - [ INFO ] - [ nuc.bsd.psy.exam.controller.UserController.logon(UserController.java:32) ] 
log4j info1==123456登录
2018-12-07 09:05:55 - [ qtp1964886191-16:889033 ] - [ DEBUG ] - [ nuc.bsd.psy.exam.controller.UserController.logon(UserController.java:33) ] 
log4j debug2
2018-12-07 09:30:31 - [ qtp1964886191-18:2364780 ] - [ INFO ] - [ nuc.bsd.psy.exam.controller.UserController.logon(UserController.java:32) ] 
log4j info1==123456登录
2018-12-07 09:30:31 - [ qtp1964886191-18:2364781 ] - [ DEBUG ] - [ nuc.bsd.psy.exam.controller.UserController.logon(UserController.java:33) ] 
log4j debug2
